<?xml version="1.0" encoding="UTF-8"?>
<!-- Generated by org.testng.reporters.JUnitXMLReporter -->
<testsuite ignored="0" hostname="DESKTOP-TQID2SQ" failures="0" tests="3" name="Lambda Test01" time="33.708" errors="0" timestamp="2023-08-31T11:35:55 IST">
  <testcase classname="com.LambdaTestFinal.TestNgTest1" name="@AfterClass tearDown" time="0.764">
    <failure type="java.lang.AssertionError" message="The following asserts failed:
	 ****Title Not matched**** expected [Selenium Grid Online | Run Selenium Test On Cloud--] but found [Selenium Grid Online | Run Selenium Test On Cloud],
	 **** Check Box already selected  **** expected [false] but found [true],
	**** Alert Box message Not Matched! ****** expected [I am an alert box!--] but found [I am an alert box!]">
      <![CDATA[java.lang.AssertionError: The following asserts failed:
 ****Title Not matched**** expected [Selenium Grid Online | Run Selenium Test On Cloud--] but found [Selenium Grid Online | Run Selenium Test On Cloud],
 **** Check Box already selected  **** expected [false] but found [true],
**** Alert Box message Not Matched! ****** expected [I am an alert box!--] but found [I am an alert box!]
at com.LambdaTestFinal.TestNgTest1.tearDown(TestNgTest1.java:149)
at java.base/java.util.ArrayList.forEach(ArrayList.java:1511)
... Removed 26 stack frames]]>
    </failure>
  </testcase> <!-- @AfterClass tearDown -->
  <testcase classname="com.LambdaTestFinal.TestNgTest1" name="Test_Scenario_01" time="1.31"/>
  <testcase classname="com.LambdaTestFinal.TestNgTest1" name="Test_Scenario_02" time="3.988"/>
  <testcase classname="com.LambdaTestFinal.TestNgTest1" name="Test_Scenario_03" time="3.258"/>
</testsuite> <!-- Lambda Test01 -->
