<!DOCTYPE html PUBLIC "-//W3C//DTD XHTML 1.1//EN" "https://www.w3.org/TR/xhtml11/DTD/xhtml11.dtd">
<html xmlns="https://www.w3.org/1999/xhtml">
<head>
<meta http-equiv="content-type" content="text/html; charset=UTF-8"/>
<title>TestNG Report</title>
<style type="text/css">table {margin-bottom:10px;border-collapse:collapse;empty-cells:show}th,td {border:1px solid #009;padding:.25em .5em}th {vertical-align:bottom}td {vertical-align:top}table a {font-weight:bold}.stripe td {background-color: #E6EBF9}.num {text-align:right}.passedodd td {background-color: #3F3}.passedeven td {background-color: #0A0}.skippedodd td {background-color: #DDD}.skippedeven td {background-color: #CCC}.failedodd td,.attn {background-color: #F33}.failedeven td,.stripe .attn {background-color: #D00}.stacktrace {white-space:pre;font-family:monospace}.totop {font-size:85%;text-align:center;border-bottom:2px solid #000}.invisible {display:none}</style>
</head>
<body>
<table>
<tr><th>Test</th><th># Passed</th><th># Skipped</th><th># Retried</th><th># Failed</th><th>Time (ms)</th><th>Included Groups</th><th>Excluded Groups</th></tr>
<tr><th colspan="8">Lambda Test Suite</th></tr>
<tr><td><a href="#t0">Lambda Test01</a></td><td class="num">3</td><td class="num">0</td><td class="num">0</td><td class="num">0</td><td class="num">33,708</td><td></td><td></td></tr>
<tr class="stripe"><td><a href="#t1">Lambda Test02</a></td><td class="num">3</td><td class="num">0</td><td class="num">0</td><td class="num">0</td><td class="num">17,462</td><td></td><td></td></tr>
<tr><td><a href="#t2">Lambda Test03</a></td><td class="num">3</td><td class="num">0</td><td class="num">0</td><td class="num">0</td><td class="num">17,816</td><td></td><td></td></tr>
<tr class="stripe"><td><a href="#t3">Lambda Test04</a></td><td class="num">3</td><td class="num">0</td><td class="num">0</td><td class="num">0</td><td class="num">25,375</td><td></td><td></td></tr>
<tr><th>Total</th><th class="num">12</th><th class="num">0</th><th class="num">0</th><th class="num">0</th><th class="num">94,361</th><th colspan="2"></th></tr>
</table>
<table id='summary'><thead><tr><th>Class</th><th>Method</th><th>Start</th><th>Time (ms)</th></tr></thead><tbody><tr><th colspan="4">Lambda Test Suite</th></tr></tbody><tbody id="t0"><tr><th colspan="4">Lambda Test01 &#8212; failed (configuration methods)</th></tr><tr class="failedeven"><td rowspan="1">com.LambdaTestFinal.TestNgTest1</td><td><a href="#m0">tearDown</a></td><td rowspan="1">1693461954844</td><td rowspan="1">764</td></tr><tr><th colspan="4">Lambda Test01 &#8212; passed</th></tr><tr class="passedeven"><td rowspan="3">com.LambdaTestFinal.TestNgTest1</td><td><a href="#m1">Test_Scenario_01</a></td><td rowspan="1">1693461946268</td><td rowspan="1">1310</td></tr><tr class="passedeven"><td><a href="#m2">Test_Scenario_02</a></td><td rowspan="1">1693461947585</td><td rowspan="1">3988</td></tr><tr class="passedeven"><td><a href="#m3">Test_Scenario_03</a></td><td rowspan="1">1693461951581</td><td rowspan="1">3258</td></tr></tbody>
<tbody id="t1"><tr><th colspan="4">Lambda Test02 &#8212; failed (configuration methods)</th></tr><tr class="failedeven"><td rowspan="1">com.LambdaTestFinal.TestNgTest1</td><td><a href="#m4">tearDown</a></td><td rowspan="1">1693461972345</td><td rowspan="1">837</td></tr><tr><th colspan="4">Lambda Test02 &#8212; passed</th></tr><tr class="passedeven"><td rowspan="3">com.LambdaTestFinal.TestNgTest1</td><td><a href="#m5">Test_Scenario_01</a></td><td rowspan="1">1693461964333</td><td rowspan="1">2164</td></tr><tr class="passedeven"><td><a href="#m6">Test_Scenario_02</a></td><td rowspan="1">1693461966501</td><td rowspan="1">3122</td></tr><tr class="passedeven"><td><a href="#m7">Test_Scenario_03</a></td><td rowspan="1">1693461969629</td><td rowspan="1">2713</td></tr></tbody>
<tbody id="t2"><tr><th colspan="4">Lambda Test03 &#8212; failed (configuration methods)</th></tr><tr class="failedeven"><td rowspan="1">com.LambdaTestFinal.TestNgTest1</td><td><a href="#m8">tearDown</a></td><td rowspan="1">1693461990070</td><td rowspan="1">933</td></tr><tr><th colspan="4">Lambda Test03 &#8212; passed</th></tr><tr class="passedeven"><td rowspan="3">com.LambdaTestFinal.TestNgTest1</td><td><a href="#m9">Test_Scenario_01</a></td><td rowspan="1">1693461983891</td><td rowspan="1">1048</td></tr><tr class="passedeven"><td><a href="#m10">Test_Scenario_02</a></td><td rowspan="1">1693461984942</td><td rowspan="1">2093</td></tr><tr class="passedeven"><td><a href="#m11">Test_Scenario_03</a></td><td rowspan="1">1693461987041</td><td rowspan="1">3028</td></tr></tbody>
<tbody id="t3"><tr><th colspan="4">Lambda Test04 &#8212; failed (configuration methods)</th></tr><tr class="failedeven"><td rowspan="1">com.LambdaTestFinal.TestNgTest1</td><td><a href="#m12">tearDown</a></td><td rowspan="1">1693462015727</td><td rowspan="1">669</td></tr><tr><th colspan="4">Lambda Test04 &#8212; passed</th></tr><tr class="passedeven"><td rowspan="3">com.LambdaTestFinal.TestNgTest1</td><td><a href="#m13">Test_Scenario_01</a></td><td rowspan="1">1693462004431</td><td rowspan="1">2834</td></tr><tr class="passedeven"><td><a href="#m14">Test_Scenario_02</a></td><td rowspan="1">1693462007267</td><td rowspan="1">3247</td></tr><tr class="passedeven"><td><a href="#m15">Test_Scenario_03</a></td><td rowspan="1">1693462010516</td><td rowspan="1">5208</td></tr></tbody>
</table>
<h2>Lambda Test01</h2><h3 id="m0">com.LambdaTestFinal.TestNgTest1#tearDown</h3><table class="result"><tr class="param"><th>Parameter #1</th></tr><tr class="param stripe"><td>Test_01</td></tr><tr><th>Exception</th></tr><tr><td><div class="stacktrace">java.lang.AssertionError: The following asserts failed:
	 ****Title Not matched**** expected [Selenium Grid Online | Run Selenium Test On Cloud--] but found [Selenium Grid Online | Run Selenium Test On Cloud],
	 **** Check Box already selected  **** expected [false] but found [true],
	**** Alert Box message Not Matched! ****** expected [I am an alert box!--] but found [I am an alert box!]
	at com.LambdaTestFinal.TestNgTest1.tearDown(TestNgTest1.java:149)
	at java.base/java.util.ArrayList.forEach(ArrayList.java:1511)
... Removed 26 stack frames</div></td></tr></table><p class="totop"><a href="#summary">back to summary</a></p>
<h3 id="m1">com.LambdaTestFinal.TestNgTest1#Test_Scenario_01</h3><table class="result"><tr class="param"><th>Parameter #1</th></tr><tr class="param stripe"><td>https://www.lambdatest.com/selenium-playground/</td></tr></table><p class="totop"><a href="#summary">back to summary</a></p>
<h3 id="m2">com.LambdaTestFinal.TestNgTest1#Test_Scenario_02</h3><table class="result"><tr><th class="invisible"/></tr></table><p class="totop"><a href="#summary">back to summary</a></p>
<h3 id="m3">com.LambdaTestFinal.TestNgTest1#Test_Scenario_03</h3><table class="result"><tr class="param"><th>Parameter #1</th></tr><tr class="param stripe"><td>https://www.lambdatest.com/selenium-playground/</td></tr></table><p class="totop"><a href="#summary">back to summary</a></p>
<h2>Lambda Test02</h2><h3 id="m4">com.LambdaTestFinal.TestNgTest1#tearDown</h3><table class="result"><tr class="param"><th>Parameter #1</th></tr><tr class="param stripe"><td>Test_02</td></tr><tr><th>Exception</th></tr><tr><td><div class="stacktrace">java.lang.AssertionError: The following asserts failed:
	 ****Title Not matched**** expected [Selenium Grid Online | Run Selenium Test On Cloud--] but found [Selenium Grid Online | Run Selenium Test On Cloud],
	 **** Check Box already selected  **** expected [false] but found [true],
	**** Alert Box message Not Matched! ****** expected [I am an alert box!--] but found [I am an alert box!]
	at com.LambdaTestFinal.TestNgTest1.tearDown(TestNgTest1.java:149)
	at java.base/java.util.ArrayList.forEach(ArrayList.java:1511)
... Removed 26 stack frames</div></td></tr></table><p class="totop"><a href="#summary">back to summary</a></p>
<h3 id="m5">com.LambdaTestFinal.TestNgTest1#Test_Scenario_01</h3><table class="result"><tr class="param"><th>Parameter #1</th></tr><tr class="param stripe"><td>https://www.lambdatest.com/selenium-playground/</td></tr></table><p class="totop"><a href="#summary">back to summary</a></p>
<h3 id="m6">com.LambdaTestFinal.TestNgTest1#Test_Scenario_02</h3><table class="result"><tr><th class="invisible"/></tr></table><p class="totop"><a href="#summary">back to summary</a></p>
<h3 id="m7">com.LambdaTestFinal.TestNgTest1#Test_Scenario_03</h3><table class="result"><tr class="param"><th>Parameter #1</th></tr><tr class="param stripe"><td>https://www.lambdatest.com/selenium-playground/</td></tr></table><p class="totop"><a href="#summary">back to summary</a></p>
<h2>Lambda Test03</h2><h3 id="m8">com.LambdaTestFinal.TestNgTest1#tearDown</h3><table class="result"><tr class="param"><th>Parameter #1</th></tr><tr class="param stripe"><td>Test_03</td></tr><tr><th>Exception</th></tr><tr><td><div class="stacktrace">java.lang.AssertionError: The following asserts failed:
	 ****Title Not matched**** expected [Selenium Grid Online | Run Selenium Test On Cloud--] but found [Selenium Grid Online | Run Selenium Test On Cloud],
	 **** Check Box already selected  **** expected [false] but found [true],
	**** Alert Box message Not Matched! ****** expected [I am an alert box!--] but found [I am an alert box!]
	at com.LambdaTestFinal.TestNgTest1.tearDown(TestNgTest1.java:149)
	at java.base/java.util.ArrayList.forEach(ArrayList.java:1511)
... Removed 26 stack frames</div></td></tr></table><p class="totop"><a href="#summary">back to summary</a></p>
<h3 id="m9">com.LambdaTestFinal.TestNgTest1#Test_Scenario_01</h3><table class="result"><tr class="param"><th>Parameter #1</th></tr><tr class="param stripe"><td>https://www.lambdatest.com/selenium-playground/</td></tr></table><p class="totop"><a href="#summary">back to summary</a></p>
<h3 id="m10">com.LambdaTestFinal.TestNgTest1#Test_Scenario_02</h3><table class="result"><tr><th class="invisible"/></tr></table><p class="totop"><a href="#summary">back to summary</a></p>
<h3 id="m11">com.LambdaTestFinal.TestNgTest1#Test_Scenario_03</h3><table class="result"><tr class="param"><th>Parameter #1</th></tr><tr class="param stripe"><td>https://www.lambdatest.com/selenium-playground/</td></tr></table><p class="totop"><a href="#summary">back to summary</a></p>
<h2>Lambda Test04</h2><h3 id="m12">com.LambdaTestFinal.TestNgTest1#tearDown</h3><table class="result"><tr class="param"><th>Parameter #1</th></tr><tr class="param stripe"><td>Test_04</td></tr><tr><th>Exception</th></tr><tr><td><div class="stacktrace">java.lang.AssertionError: The following asserts failed:
	 ****Title Not matched**** expected [Selenium Grid Online | Run Selenium Test On Cloud--] but found [Selenium Grid Online | Run Selenium Test On Cloud],
	 **** Check Box already selected  **** expected [false] but found [true],
	**** Alert Box message Not Matched! ****** expected [I am an alert box!--] but found [I am an alert box!]
	at com.LambdaTestFinal.TestNgTest1.tearDown(TestNgTest1.java:149)
	at java.base/java.util.ArrayList.forEach(ArrayList.java:1511)
... Removed 26 stack frames</div></td></tr></table><p class="totop"><a href="#summary">back to summary</a></p>
<h3 id="m13">com.LambdaTestFinal.TestNgTest1#Test_Scenario_01</h3><table class="result"><tr class="param"><th>Parameter #1</th></tr><tr class="param stripe"><td>https://www.lambdatest.com/selenium-playground/</td></tr></table><p class="totop"><a href="#summary">back to summary</a></p>
<h3 id="m14">com.LambdaTestFinal.TestNgTest1#Test_Scenario_02</h3><table class="result"><tr><th class="invisible"/></tr></table><p class="totop"><a href="#summary">back to summary</a></p>
<h3 id="m15">com.LambdaTestFinal.TestNgTest1#Test_Scenario_03</h3><table class="result"><tr class="param"><th>Parameter #1</th></tr><tr class="param stripe"><td>https://www.lambdatest.com/selenium-playground/</td></tr></table><p class="totop"><a href="#summary">back to summary</a></p>
</body>
</html>
